make --dry-run --always-make --keep-going --print-directory
make: Entering directory `/Users/cole/42/libft'
gcc -Wall -Werror -Wextra -c ft_atoi.c -o ft_atoi.o 
gcc -Wall -Werror -Wextra -c ft_bzero.c -o ft_bzero.o 
gcc -Wall -Werror -Wextra -c ft_calloc.c -o ft_calloc.o 
gcc -Wall -Werror -Wextra -c ft_isalnum.c -o ft_isalnum.o 
gcc -Wall -Werror -Wextra -c ft_isalpha.c -o ft_isalpha.o 
gcc -Wall -Werror -Wextra -c ft_isascii.c -o ft_isascii.o 
gcc -Wall -Werror -Wextra -c ft_isdigit.c -o ft_isdigit.o 
gcc -Wall -Werror -Wextra -c ft_isprint.c -o ft_isprint.o 
gcc -Wall -Werror -Wextra -c ft_itoa.c -o ft_itoa.o 
gcc -Wall -Werror -Wextra -c ft_lstadd_back.c -o ft_lstadd_back.o 
gcc -Wall -Werror -Wextra -c ft_lstadd_front.c -o ft_lstadd_front.o 
gcc -Wall -Werror -Wextra -c ft_lstclear.c -o ft_lstclear.o 
gcc -Wall -Werror -Wextra -c ft_lstdelone.c -o ft_lstdelone.o 
gcc -Wall -Werror -Wextra -c ft_lstiter.c -o ft_lstiter.o 
gcc -Wall -Werror -Wextra -c ft_lstlast.c -o ft_lstlast.o 
gcc -Wall -Werror -Wextra -c ft_lstmap.c -o ft_lstmap.o 
gcc -Wall -Werror -Wextra -c ft_lstnew.c -o ft_lstnew.o 
 
gcc -Wall -Werror -Wextra -c ft_lstsize.c -o ft_lstsize.o 
gcc -Wall -Werror -Wextra -c ft_memchr.c -o ft_memchr.o 
gcc -Wall -Werror -Wextra -c ft_memcmp.c -o ft_memcmp.o 
gcc -Wall -Werror -Wextra -c ft_memcpy.c -o ft_memcpy.o 
gcc -Wall -Werror -Wextra -c ft_memmove.c -o ft_memmove.o 
gcc -Wall -Werror -Wextra -c ft_memset.c -o ft_memset.o 
gcc -Wall -Werror -Wextra -c ft_putchar_fd.c -o ft_putchar_fd.o 
gcc -Wall -Werror -Wextra -c ft_putendl_fd.c -o ft_putendl_fd.o 
gcc -Wall -Werror -Wextra -c ft_putnbr_fd.c -o ft_putnbr_fd.o 
gcc -Wall -Werror -Wextra -c ft_putstr_fd.c -o ft_putstr_fd.o 
gcc -Wall -Werror -Wextra -c ft_split.c -o ft_split.o 
gcc -Wall -Werror -Wextra -c ft_strchr.c -o ft_strchr.o 
gcc -Wall -Werror -Wextra -c ft_strdup.c -o ft_strdup.o 
gcc -Wall -Werror -Wextra -c ft_striteri.c -o ft_striteri.o 
gcc -Wall -Werror -Wextra -c ft_strjoin.c -o ft_strjoin.o 
gcc -Wall -Werror -Wextra -c ft_strlcat.c -o ft_strlcat.o 
gcc -Wall -Werror -Wextra -c ft_strlcpy.c -o ft_strlcpy.o 
gcc -Wall -Werror -Wextra -c ft_strlen.c -o ft_strlen.o 
gcc -Wall -Werror -Wextra -c ft_strmapi.c -o ft_strmapi.o 
gcc -Wall -Werror -Wextra -c ft_strncmp.c -o ft_strncmp.o 
gcc -Wall -Werror -Wextra -c ft_strnstr.c -o ft_strnstr.o 
gcc -Wall -Werror -Wextra -c ft_strrchr.c -o ft_strrchr.o 
gcc -Wall -Werror -Wextra -c ft_strtrim.c -o ft_strtrim.o 
gcc -Wall -Werror -Wextra -c ft_substr.c -o ft_substr.o 
gcc -Wall -Werror -Wextra -c ft_tolower.c -o ft_tolower.o 
gcc -Wall -Werror -Wextra -c ft_toupper.c -o ft_toupper.o 
ar -crs libft.a ft_atoi.o ft_bzero.o ft_calloc.o ft_isalnum.o ft_isalpha.o ft_isascii.o ft_isdigit.o ft_isprint.o ft_itoa.o ft_lstadd_back.o ft_lstadd_front.o ft_lstclear.o ft_lstdelone.o ft_lstiter.o ft_lstlast.o ft_lstmap.o ft_lstnew.o ft_lstsize.o ft_memchr.o ft_memcmp.o ft_memcpy.o ft_memmove.o ft_memset.o ft_putchar_fd.o ft_putendl_fd.o ft_putnbr_fd.o ft_putstr_fd.o ft_split.o ft_strchr.o ft_strdup.o ft_striteri.o ft_strjoin.o ft_strlcat.o ft_strlcpy.o ft_strlen.o ft_strmapi.o ft_strncmp.o ft_strnstr.o ft_strrchr.o ft_strtrim.o ft_substr.o ft_tolower.o ft_toupper.o
make: Leaving directory `/Users/cole/42/libft'
 
